file=simulator/ra_causal_dag_ensemble.py lines=871
simulator/ra_causal_dag_ensemble.py sorry_count=0
simulator/ra_causal_dag_ensemble.py admit_count=0
simulator/ra_causal_dag_ensemble.py axiom_count=0
simulator/ra_causal_dag_ensemble.py superposition_count=0
simulator/ra_causal_dag_ensemble.py wavefunction_count=0
simulator/ra_causal_dag_ensemble.py collapse_count=0
simulator/ra_causal_dag_ensemble.py quorum_count=0
simulator/ra_causal_dag_ensemble.py vote_count=0
simulator/ra_causal_dag_ensemble.py leader_count=0
simulator/ra_causal_dag_ensemble.py message round_count=0
file=simulator/ra_causal_dag_simulator.py lines=1573
simulator/ra_causal_dag_simulator.py sorry_count=0
simulator/ra_causal_dag_simulator.py admit_count=0
simulator/ra_causal_dag_simulator.py axiom_count=0
simulator/ra_causal_dag_simulator.py superposition_count=0
simulator/ra_causal_dag_simulator.py wavefunction_count=0
simulator/ra_causal_dag_simulator.py collapse_count=0
simulator/ra_causal_dag_simulator.py quorum_count=0
simulator/ra_causal_dag_simulator.py vote_count=0
simulator/ra_causal_dag_simulator.py leader_count=0
simulator/ra_causal_dag_simulator.py message round_count=0
file=tests/test_v0_5_1_large_ensemble.py lines=80
tests/test_v0_5_1_large_ensemble.py sorry_count=0
tests/test_v0_5_1_large_ensemble.py admit_count=0
tests/test_v0_5_1_large_ensemble.py axiom_count=0
tests/test_v0_5_1_large_ensemble.py superposition_count=0
tests/test_v0_5_1_large_ensemble.py wavefunction_count=0
tests/test_v0_5_1_large_ensemble.py collapse_count=0
tests/test_v0_5_1_large_ensemble.py quorum_count=0
tests/test_v0_5_1_large_ensemble.py vote_count=0
tests/test_v0_5_1_large_ensemble.py leader_count=0
tests/test_v0_5_1_large_ensemble.py message round_count=0
