file=simulator/ra_causal_dag_support_family_metric_repair.py
bytes=31188
sorry_count=0
admit_count=0
axiom_count=0
superposition_count=0
wavefunction_count=0
collapse_count=0
quorum_count=0
vote_count=0
leader_count=0
message_round_count=0

file=tests/test_v0_7_2_metric_repair.py
bytes=4635
sorry_count=0
admit_count=0
axiom_count=0
superposition_count=0
wavefunction_count=0
collapse_count=0
quorum_count=0
vote_count=0
leader_count=0
message_round_count=0

file=README_RA_CausalDAG_MotifCommitSimulator_v0_7_2_SupportFamilyMetricRepair_May05_2026.md
bytes=3989
sorry_count=0
admit_count=0
axiom_count=0
superposition_count=0
wavefunction_count=0
collapse_count=0
quorum_count=0
vote_count=0
leader_count=0
message_round_count=0

file=reports/RA_CausalDAG_MotifCommitSimulator_v0_7_2_SupportFamilyMetricRepair_Report_May05_2026.md
bytes=3486
sorry_count=0
admit_count=0
axiom_count=0
superposition_count=0
wavefunction_count=0
collapse_count=0
quorum_count=0
vote_count=0
leader_count=0
message_round_count=0
