{"synthetic": false,
 "schemaVersion": "2025-09-10",
 "outputs":
 {"o": ["5d36adcb9a9d996e.olean"],
  "i": "5e1f6e9bf139f898.ilean",
  "c": "b6ce6b6ac6858a7a.c"},
 "log":
 [{"message":
   ".> LEAN_PATH=/Users/jsandeman/projects/Relational-Actualism/src/RA_AQFT/.lake/packages/Cli/.lake/build/lib/lean:/Users/jsandeman/projects/Relational-Actualism/src/RA_AQFT/.lake/packages/batteries/.lake/build/lib/lean:/Users/jsandeman/projects/Relational-Actualism/src/RA_AQFT/.lake/packages/Qq/.lake/build/lib/lean:/Users/jsandeman/projects/Relational-Actualism/src/RA_AQFT/.lake/packages/aesop/.lake/build/lib/lean:/Users/jsandeman/projects/Relational-Actualism/src/RA_AQFT/.lake/packages/proofwidgets/.lake/build/lib/lean:/Users/jsandeman/projects/Relational-Actualism/src/RA_AQFT/.lake/packages/importGraph/.lake/build/lib/lean:/Users/jsandeman/projects/Relational-Actualism/src/RA_AQFT/.lake/packages/LeanSearchClient/.lake/build/lib/lean:/Users/jsandeman/projects/Relational-Actualism/src/RA_AQFT/.lake/packages/plausible/.lake/build/lib/lean:/Users/jsandeman/projects/Relational-Actualism/src/RA_AQFT/.lake/packages/mathlib/.lake/build/lib/lean:/Users/jsandeman/projects/Relational-Actualism/src/RA_AQFT/.lake/build/lib/lean /Users/jsandeman/.elan/toolchains/leanprover--lean4---v4.29.0/bin/lean /Users/jsandeman/projects/Relational-Actualism/src/RA_AQFT/RA_Alpha_EM_Proof.lean -o /Users/jsandeman/projects/Relational-Actualism/src/RA_AQFT/.lake/build/lib/lean/RA_Alpha_EM_Proof.olean -i /Users/jsandeman/projects/Relational-Actualism/src/RA_AQFT/.lake/build/lib/lean/RA_Alpha_EM_Proof.ilean -c /Users/jsandeman/projects/Relational-Actualism/src/RA_AQFT/.lake/build/ir/RA_Alpha_EM_Proof.c --setup /Users/jsandeman/projects/Relational-Actualism/src/RA_AQFT/.lake/build/ir/RA_Alpha_EM_Proof.setup.json --json",
   "level": "trace"},
  {"message":
   "RA_Alpha_EM_Proof.lean:194:0: bdg_depth_ratio_exact (μ : ℝ) (hμ : 0 < μ) : P_type2 μ / P_type1 μ = μ ^ 7 / 144",
   "level": "info"},
  {"message":
   "RA_Alpha_EM_Proof.lean:195:0: bdg_144_factorisation : Nat.factorial 3 * Nat.factorial 4 = 144",
   "level": "info"},
  {"message": "RA_Alpha_EM_Proof.lean:196:0: alpha_inv_137 : 144 - 7 = 137",
   "level": "info"},
  {"message":
   "RA_Alpha_EM_Proof.lean:197:0: alpha_EM_exists : ∃ α ∈ Set.Ioo 0 1, f_em α = 0",
   "level": "info"},
  {"message":
   "RA_Alpha_EM_Proof.lean:198:0: alpha_EM_bounds : ∃ α ∈ Set.Ioo (1 / 138) (1 / 136), f_em α = 0",
   "level": "info"},
  {"message":
   "RA_Alpha_EM_Proof.lean:199:0: alpha_EM_unique_in_interval (α β : ℝ) (hα : α ∈ Set.Icc (1 / 138) (1 / 136)) (hβ : β ∈ Set.Icc (1 / 138) (1 / 136))\n  (hα_root : f_em α = 0) (hβ_root : f_em β = 0) : α = β",
   "level": "info"},
  {"message":
   "RA_Alpha_EM_Proof.lean:200:0: f_em_strictMono_on : StrictMonoOn f_em (Set.Icc (1 / 138) (1 / 136))",
   "level": "info"},
  {"message":
   "RA_Alpha_EM_Proof.lean:201:0: bdg_alpha_EM_prediction : (144 - 7) * (1 / 137) = 1",
   "level": "info"},
  {"message":
   "RA_Alpha_EM_Proof.lean:202:0: bdg_leading_order_residual : |144 * (1 / 137) - (1 + 1 / 137) ^ 7| < 21 * (1 / 137) ^ 2 * 2",
   "level": "info"},
  {"message":
   "RA_Alpha_EM_Proof.lean:203:0: two_couplings_from_bdg : (c 2).toNat * (c 4).toNat = 72 ∧ Nat.factorial 3 * Nat.factorial 4 - (3 + 4) = 137",
   "level": "info"}],
 "inputs":
 [["RA_Alpha_EM_Proof:deps",
   [["deps",
     [["RelationalActualism/RelationalActualism:extraDep",
       [["@RelationalActualism:extraDep", "00000000000006bb"]]],
      ["imports",
       [["Mathlib transitive imports (legacy)", "e9ff1afb0cafc3e3"],
        ["Mathlib:importAllArts", "53ce4ca5aaaabad2"],
        ["Mathlib.Tactic transitive imports (legacy)", "cb56c0b7494da80d"],
        ["Mathlib.Tactic:importAllArts", "bd07ca1f4a0d10fc"]]]]],
    ["libs",
     [["import dynlibs", "00000000000006bb"],
      ["package external libraries", "00000000000006bb"],
      ["module dynlibs", "00000000000006bb"],
      ["module plugins", "00000000000006bb"]]]]],
  ["Lean 4.29.0, commit 98dc76e3c0a9b856c9b98726b713fb04fab16740",
   "60bb08ef22408c8a"],
  ["/Users/jsandeman/projects/Relational-Actualism/src/RA_AQFT/RA_Alpha_EM_Proof.lean",
   "31be31a3268fbc23"],
  ["options", "00000000000006bb"],
  ["isModule: false", "feefd2a0d3a1847e"],
  ["Module.name: RA_Alpha_EM_Proof", "868f62e5fdf14bdf"],
  ["Package.id?: (some RelationalActualism)", "e09e9957965f872f"],
  ["Module.leanArgs: #[]", "00000000000006bb"]],
 "depHash": "f4e5964c64e4bd28"}