{"synthetic": false,
 "schemaVersion": "2025-09-10",
 "outputs":
 {"o": ["7b74533c66b6800d.olean"],
  "i": "7338ba7385421a70.ilean",
  "c": "b566e718fb9d07f4.c"},
 "log":
 [{"message":
   ".> LEAN_PATH=/Users/jsandeman/projects/Relational-Actualism/src/RA_AQFT/.lake/packages/Cli/.lake/build/lib/lean:/Users/jsandeman/projects/Relational-Actualism/src/RA_AQFT/.lake/packages/batteries/.lake/build/lib/lean:/Users/jsandeman/projects/Relational-Actualism/src/RA_AQFT/.lake/packages/Qq/.lake/build/lib/lean:/Users/jsandeman/projects/Relational-Actualism/src/RA_AQFT/.lake/packages/aesop/.lake/build/lib/lean:/Users/jsandeman/projects/Relational-Actualism/src/RA_AQFT/.lake/packages/proofwidgets/.lake/build/lib/lean:/Users/jsandeman/projects/Relational-Actualism/src/RA_AQFT/.lake/packages/importGraph/.lake/build/lib/lean:/Users/jsandeman/projects/Relational-Actualism/src/RA_AQFT/.lake/packages/LeanSearchClient/.lake/build/lib/lean:/Users/jsandeman/projects/Relational-Actualism/src/RA_AQFT/.lake/packages/plausible/.lake/build/lib/lean:/Users/jsandeman/projects/Relational-Actualism/src/RA_AQFT/.lake/packages/mathlib/.lake/build/lib/lean:/Users/jsandeman/projects/Relational-Actualism/src/RA_AQFT/.lake/build/lib/lean /Users/jsandeman/.elan/toolchains/leanprover--lean4---v4.29.0/bin/lean /Users/jsandeman/projects/Relational-Actualism/src/RA_AQFT/RA_AmpLocality.lean -o /Users/jsandeman/projects/Relational-Actualism/src/RA_AQFT/.lake/build/lib/lean/RA_AmpLocality.olean -i /Users/jsandeman/projects/Relational-Actualism/src/RA_AQFT/.lake/build/lib/lean/RA_AmpLocality.ilean -c /Users/jsandeman/projects/Relational-Actualism/src/RA_AQFT/.lake/build/ir/RA_AmpLocality.c --setup /Users/jsandeman/projects/Relational-Actualism/src/RA_AQFT/.lake/build/ir/RA_AmpLocality.setup.json --json",
   "level": "trace"}],
 "inputs":
 [["RA_AmpLocality:deps",
   [["deps",
     [["RelationalActualism/RelationalActualism:extraDep",
       [["@RelationalActualism:extraDep", "00000000000006bb"]]],
      ["imports",
       [["Mathlib.Data.Finset.Basic transitive imports (legacy)",
         "3c1cad74191bc9cb"],
        ["Mathlib.Data.Finset.Basic:importAllArts", "5dfe26243f5c7365"],
        ["Mathlib.Data.Finset.Card transitive imports (legacy)",
         "b60382445803cde7"],
        ["Mathlib.Data.Finset.Card:importAllArts", "05424a83eb7c3363"],
        ["Mathlib.Analysis.Complex.Exponential transitive imports (legacy)",
         "90b75b27b97813ea"],
        ["Mathlib.Analysis.Complex.Exponential:importAllArts",
         "baabbb0e375675cd"],
        ["Mathlib.Algebra.BigOperators.Group.List.Lemmas transitive imports (legacy)",
         "6e86aa17ea5c7371"],
        ["Mathlib.Algebra.BigOperators.Group.List.Lemmas:importAllArts",
         "35819aada78da9c9"],
        ["Mathlib.Data.List.Perm.Basic transitive imports (legacy)",
         "734612fa9dd6abe6"],
        ["Mathlib.Data.List.Perm.Basic:importAllArts", "51a428862c101321"]]]]],
    ["libs",
     [["import dynlibs", "00000000000006bb"],
      ["package external libraries", "00000000000006bb"],
      ["module dynlibs", "00000000000006bb"],
      ["module plugins", "00000000000006bb"]]]]],
  ["Lean 4.29.0, commit 98dc76e3c0a9b856c9b98726b713fb04fab16740",
   "60bb08ef22408c8a"],
  ["/Users/jsandeman/projects/Relational-Actualism/src/RA_AQFT/RA_AmpLocality.lean",
   "0e2ac7e3348539cf"],
  ["options", "00000000000006bb"],
  ["isModule: false", "feefd2a0d3a1847e"],
  ["Module.name: RA_AmpLocality", "b1385a3f5b61b693"],
  ["Package.id?: (some RelationalActualism)", "e09e9957965f872f"],
  ["Module.leanArgs: #[]", "00000000000006bb"]],
 "depHash": "e0667ea720407855"}