{"synthetic": false,
 "schemaVersion": "2025-09-10",
 "outputs":
 {"o": ["fadcc08967c3a6f6.olean"],
  "i": "2a20d615c485fb4e.ilean",
  "c": "0002ddf8b4e5b2b4.c"},
 "log":
 [{"message":
   ".> LEAN_PATH=/Users/jsandeman/projects/Relational-Actualism/src/RA_AQFT/.lake/packages/Cli/.lake/build/lib/lean:/Users/jsandeman/projects/Relational-Actualism/src/RA_AQFT/.lake/packages/batteries/.lake/build/lib/lean:/Users/jsandeman/projects/Relational-Actualism/src/RA_AQFT/.lake/packages/Qq/.lake/build/lib/lean:/Users/jsandeman/projects/Relational-Actualism/src/RA_AQFT/.lake/packages/aesop/.lake/build/lib/lean:/Users/jsandeman/projects/Relational-Actualism/src/RA_AQFT/.lake/packages/proofwidgets/.lake/build/lib/lean:/Users/jsandeman/projects/Relational-Actualism/src/RA_AQFT/.lake/packages/importGraph/.lake/build/lib/lean:/Users/jsandeman/projects/Relational-Actualism/src/RA_AQFT/.lake/packages/LeanSearchClient/.lake/build/lib/lean:/Users/jsandeman/projects/Relational-Actualism/src/RA_AQFT/.lake/packages/plausible/.lake/build/lib/lean:/Users/jsandeman/projects/Relational-Actualism/src/RA_AQFT/.lake/packages/mathlib/.lake/build/lib/lean:/Users/jsandeman/projects/Relational-Actualism/src/RA_AQFT/.lake/build/lib/lean /Users/jsandeman/.elan/toolchains/leanprover--lean4---v4.29.0/bin/lean /Users/jsandeman/projects/Relational-Actualism/src/RA_AQFT/RA_O14_Uniqueness_Core_draft.lean -o /Users/jsandeman/projects/Relational-Actualism/src/RA_AQFT/.lake/build/lib/lean/RA_O14_Uniqueness_Core_draft.olean -i /Users/jsandeman/projects/Relational-Actualism/src/RA_AQFT/.lake/build/lib/lean/RA_O14_Uniqueness_Core_draft.ilean -c /Users/jsandeman/projects/Relational-Actualism/src/RA_AQFT/.lake/build/ir/RA_O14_Uniqueness_Core_draft.c --setup /Users/jsandeman/projects/Relational-Actualism/src/RA_AQFT/.lake/build/ir/RA_O14_Uniqueness_Core_draft.setup.json --json",
   "level": "trace"}],
 "inputs":
 [["RA_O14_Uniqueness_Core_draft:deps",
   [["deps",
     [["RelationalActualism/RelationalActualism:extraDep",
       [["@RelationalActualism:extraDep", "00000000000006bb"]]],
      ["imports",
       [["Mathlib.Data.Nat.Choose.Basic transitive imports (legacy)",
         "e920bf689f113c46"],
        ["Mathlib.Data.Nat.Choose.Basic:importAllArts", "70d03daf79b83342"],
        ["Mathlib.Data.Int.Basic transitive imports (legacy)",
         "749be4eface13189"],
        ["Mathlib.Data.Int.Basic:importAllArts", "88e4b201790a12e2"],
        ["Mathlib.Tactic.NormNum transitive imports (legacy)",
         "4372628c1985f2d5"],
        ["Mathlib.Tactic.NormNum:importAllArts", "27e1fca6e9e09e51"]]]]],
    ["libs",
     [["import dynlibs", "00000000000006bb"],
      ["package external libraries", "00000000000006bb"],
      ["module dynlibs", "00000000000006bb"],
      ["module plugins", "00000000000006bb"]]]]],
  ["Lean 4.29.0, commit 98dc76e3c0a9b856c9b98726b713fb04fab16740",
   "60bb08ef22408c8a"],
  ["/Users/jsandeman/projects/Relational-Actualism/src/RA_AQFT/RA_O14_Uniqueness_Core_draft.lean",
   "c05050f81fde37fb"],
  ["options", "00000000000006bb"],
  ["isModule: false", "feefd2a0d3a1847e"],
  ["Module.name: RA_O14_Uniqueness_Core_draft", "db02a954a98ee6b0"],
  ["Package.id?: (some RelationalActualism)", "e09e9957965f872f"],
  ["Module.leanArgs: #[]", "00000000000006bb"]],
 "depHash": "f6a32abaddf2cec1"}